2025-08-27T18:28:18: 
> dubo@0.1.0 dev
> next dev

2025-08-28T11:01:03: 2025-08-28T11:01:03: 2025-08-28T11:01:03: 2025-08-28T11:01:03: 
> dubo@0.1.0 dev
> next dev

2025-08-28T11:11:10: 2025-08-28T11:11:10: 2025-08-28T11:11:10: 2025-08-28T11:11:11: 
> dubo@0.1.0 dev
> next dev

2025-08-28T12:33:28: 2025-08-28T12:33:28: 2025-08-28T12:33:28: 2025-08-28T12:33:29: 
> dubo@0.1.0 dev
> next dev

2025-08-28T15:37:06: 2025-08-28T15:37:06: 2025-08-28T15:37:06: 2025-08-28T15:37:07: 
> dubo@0.1.0 dev
> next dev

2025-08-28T15:42:49: 2025-08-28T15:42:49: 2025-08-28T15:42:49: 2025-08-28T15:42:49: 
> dubo@0.1.0 dev
> next dev

2025-08-28T15:47:55: 2025-08-28T15:47:55: 2025-08-28T15:47:55: 
> dubo@0.1.0 dev
> next dev

2025-08-28T15:50:15: 2025-08-28T15:50:15: 2025-08-28T15:50:15: 2025-08-28T15:50:16: 
> dubo@0.1.0 dev
> next dev -p 3000

